<?xml version="1.0" encoding="UTF-8"?>
<!-- Generated by org.testng.reporters.JUnitXMLReporter -->
<testsuite hostname="EPBYMINW5904" ignored="0" name="Regression1" tests="29" failures="29" timestamp="13 Dec 2017 12:53:38 GMT" time="0.083" errors="0">
  <testcase name="ctgFromValue" time="0.0" classname="test.testng.CtgDoubleTest">
    <failure type="java.lang.NullPointerException">
      <![CDATA[java.lang.NullPointerException
	at test.testng.CtgDoubleTest.ctgFromValue(CtgDoubleTest.java:18)
... Removed 25 stack frames]]>
    </failure>
  </testcase> <!-- ctgFromValue -->
  <testcase name="checkDivisionByZeroThrowsException" time="0.0" classname="test.testng.DivLongTest">
    <failure type="java.lang.NullPointerException">
      <![CDATA[java.lang.NullPointerException
	at test.testng.DivLongTest.checkDivisionByZeroThrowsException(DivLongTest.java:27)
... Removed 25 stack frames]]>
    </failure>
  </testcase> <!-- checkDivisionByZeroThrowsException -->
  <testcase name="oneValueDivAnother" time="0.0" classname="test.testng.DivLongTest">
    <failure type="java.lang.NullPointerException">
      <![CDATA[java.lang.NullPointerException
	at test.testng.DivLongTest.oneValueDivAnother(DivLongTest.java:21)
... Removed 25 stack frames]]>
    </failure>
  </testcase> <!-- oneValueDivAnother -->
  <testcase name="oneValueDivAnother" time="0.0" classname="test.testng.DivLongTest">
    <failure type="java.lang.NullPointerException">
      <![CDATA[java.lang.NullPointerException
	at test.testng.DivLongTest.oneValueDivAnother(DivLongTest.java:21)
... Removed 25 stack frames]]>
    </failure>
  </testcase> <!-- oneValueDivAnother -->
  <testcase name="oneValueDivAnother" time="0.0" classname="test.testng.DivLongTest">
    <failure type="java.lang.NullPointerException">
      <![CDATA[java.lang.NullPointerException
	at test.testng.DivLongTest.oneValueDivAnother(DivLongTest.java:21)
... Removed 25 stack frames]]>
    </failure>
  </testcase> <!-- oneValueDivAnother -->
  <testcase name="oneValueDivAnother" time="0.0" classname="test.testng.DivLongTest">
    <failure type="java.lang.NullPointerException">
      <![CDATA[java.lang.NullPointerException
	at test.testng.DivLongTest.oneValueDivAnother(DivLongTest.java:21)
... Removed 25 stack frames]]>
    </failure>
  </testcase> <!-- oneValueDivAnother -->
  <testcase name="oneValueMultAnother" time="0.0" classname="test.testng.MultDoubleTest">
    <failure type="java.lang.NullPointerException">
      <![CDATA[java.lang.NullPointerException
	at test.testng.MultDoubleTest.oneValueMultAnother(MultDoubleTest.java:22)
... Removed 25 stack frames]]>
    </failure>
  </testcase> <!-- oneValueMultAnother -->
  <testcase name="oneValueMultAnother" time="0.001" classname="test.testng.MultDoubleTest">
    <failure type="java.lang.NullPointerException">
      <![CDATA[java.lang.NullPointerException
	at test.testng.MultDoubleTest.oneValueMultAnother(MultDoubleTest.java:22)
... Removed 25 stack frames]]>
    </failure>
  </testcase> <!-- oneValueMultAnother -->
  <testcase name="oneValueMultAnother" time="0.0" classname="test.testng.MultDoubleTest">
    <failure type="java.lang.NullPointerException">
      <![CDATA[java.lang.NullPointerException
	at test.testng.MultDoubleTest.oneValueMultAnother(MultDoubleTest.java:22)
... Removed 25 stack frames]]>
    </failure>
  </testcase> <!-- oneValueMultAnother -->
  <testcase name="oneValueMultAnother" time="0.001" classname="test.testng.MultDoubleTest">
    <failure type="java.lang.NullPointerException">
      <![CDATA[java.lang.NullPointerException
	at test.testng.MultDoubleTest.oneValueMultAnother(MultDoubleTest.java:22)
... Removed 25 stack frames]]>
    </failure>
  </testcase> <!-- oneValueMultAnother -->
  <testcase name="NegativeValueCheck" time="0.0" classname="test.testng.NegativeLongTest">
    <failure type="java.lang.NullPointerException">
      <![CDATA[java.lang.NullPointerException
	at test.testng.NegativeLongTest.NegativeValueCheck(NegativeLongTest.java:19)
... Removed 25 stack frames]]>
    </failure>
  </testcase> <!-- NegativeValueCheck -->
  <testcase name="NegativeValueCheck" time="0.001" classname="test.testng.NegativeLongTest">
    <failure type="java.lang.NullPointerException">
      <![CDATA[java.lang.NullPointerException
	at test.testng.NegativeLongTest.NegativeValueCheck(NegativeLongTest.java:19)
... Removed 25 stack frames]]>
    </failure>
  </testcase> <!-- NegativeValueCheck -->
  <testcase name="NegativeValueCheck" time="0.0" classname="test.testng.NegativeLongTest">
    <failure type="java.lang.NullPointerException">
      <![CDATA[java.lang.NullPointerException
	at test.testng.NegativeLongTest.NegativeValueCheck(NegativeLongTest.java:19)
... Removed 25 stack frames]]>
    </failure>
  </testcase> <!-- NegativeValueCheck -->
  <testcase name="sinFromValue" time="0.0" classname="test.testng.SinDoubleTest">
    <failure type="java.lang.NullPointerException">
      <![CDATA[java.lang.NullPointerException
	at test.testng.SinDoubleTest.sinFromValue(SinDoubleTest.java:20)
... Removed 25 stack frames]]>
    </failure>
  </testcase> <!-- sinFromValue -->
  <testcase name="sinFromValue" time="0.0" classname="test.testng.SinDoubleTest">
    <failure type="java.lang.NullPointerException">
      <![CDATA[java.lang.NullPointerException
	at test.testng.SinDoubleTest.sinFromValue(SinDoubleTest.java:20)
... Removed 25 stack frames]]>
    </failure>
  </testcase> <!-- sinFromValue -->
  <testcase name="sinFromValue" time="0.0" classname="test.testng.SinDoubleTest">
    <failure type="java.lang.NullPointerException">
      <![CDATA[java.lang.NullPointerException
	at test.testng.SinDoubleTest.sinFromValue(SinDoubleTest.java:20)
... Removed 25 stack frames]]>
    </failure>
  </testcase> <!-- sinFromValue -->
  <testcase name="sqrtFromValue" time="0.0" classname="test.testng.SqrtDoubleTest">
    <failure type="java.lang.NullPointerException">
      <![CDATA[java.lang.NullPointerException
	at test.testng.SqrtDoubleTest.sqrtFromValue(SqrtDoubleTest.java:21)
... Removed 25 stack frames]]>
    </failure>
  </testcase> <!-- sqrtFromValue -->
  <testcase name="sqrtFromValue" time="0.0" classname="test.testng.SqrtDoubleTest">
    <failure type="java.lang.NullPointerException">
      <![CDATA[java.lang.NullPointerException
	at test.testng.SqrtDoubleTest.sqrtFromValue(SqrtDoubleTest.java:21)
... Removed 25 stack frames]]>
    </failure>
  </testcase> <!-- sqrtFromValue -->
  <testcase name="sqrtFromValue" time="0.0" classname="test.testng.SqrtDoubleTest">
    <failure type="java.lang.NullPointerException">
      <![CDATA[java.lang.NullPointerException
	at test.testng.SqrtDoubleTest.sqrtFromValue(SqrtDoubleTest.java:21)
... Removed 25 stack frames]]>
    </failure>
  </testcase> <!-- sqrtFromValue -->
  <testcase name="sqrtFromValue" time="0.0" classname="test.testng.SqrtDoubleTest">
    <failure type="java.lang.NullPointerException">
      <![CDATA[java.lang.NullPointerException
	at test.testng.SqrtDoubleTest.sqrtFromValue(SqrtDoubleTest.java:21)
... Removed 25 stack frames]]>
    </failure>
  </testcase> <!-- sqrtFromValue -->
  <testcase name="oneValueMinusAnother" time="0.001" classname="test.testng.SubDoubleTest">
    <failure type="java.lang.NullPointerException">
      <![CDATA[java.lang.NullPointerException
	at test.testng.SubDoubleTest.oneValueMinusAnother(SubDoubleTest.java:22)
... Removed 25 stack frames]]>
    </failure>
  </testcase> <!-- oneValueMinusAnother -->
  <testcase name="oneValueMinusAnother" time="0.0" classname="test.testng.SubDoubleTest">
    <failure type="java.lang.NullPointerException">
      <![CDATA[java.lang.NullPointerException
	at test.testng.SubDoubleTest.oneValueMinusAnother(SubDoubleTest.java:22)
... Removed 25 stack frames]]>
    </failure>
  </testcase> <!-- oneValueMinusAnother -->
  <testcase name="oneValueMinusAnother" time="0.001" classname="test.testng.SubDoubleTest">
    <failure type="java.lang.NullPointerException">
      <![CDATA[java.lang.NullPointerException
	at test.testng.SubDoubleTest.oneValueMinusAnother(SubDoubleTest.java:22)
... Removed 25 stack frames]]>
    </failure>
  </testcase> <!-- oneValueMinusAnother -->
  <testcase name="oneValueMinusAnother" time="0.001" classname="test.testng.SubDoubleTest">
    <failure type="java.lang.NullPointerException">
      <![CDATA[java.lang.NullPointerException
	at test.testng.SubDoubleTest.oneValueMinusAnother(SubDoubleTest.java:22)
... Removed 25 stack frames]]>
    </failure>
  </testcase> <!-- oneValueMinusAnother -->
  <testcase name="oneValueMinusAnother" time="0.0" classname="test.testng.SubDoubleTest">
    <failure type="java.lang.NullPointerException">
      <![CDATA[java.lang.NullPointerException
	at test.testng.SubDoubleTest.oneValueMinusAnother(SubDoubleTest.java:22)
... Removed 25 stack frames]]>
    </failure>
  </testcase> <!-- oneValueMinusAnother -->
  <testcase name="oneValuePlusAnother" time="0.0" classname="test.testng.SumLongTest">
    <failure type="java.lang.NullPointerException">
      <![CDATA[java.lang.NullPointerException
	at test.testng.SumLongTest.oneValuePlusAnother(SumLongTest.java:21)
... Removed 25 stack frames]]>
    </failure>
  </testcase> <!-- oneValuePlusAnother -->
  <testcase name="oneValuePlusAnother" time="0.0" classname="test.testng.SumLongTest">
    <failure type="java.lang.NullPointerException">
      <![CDATA[java.lang.NullPointerException
	at test.testng.SumLongTest.oneValuePlusAnother(SumLongTest.java:21)
... Removed 25 stack frames]]>
    </failure>
  </testcase> <!-- oneValuePlusAnother -->
  <testcase name="oneValuePlusAnother" time="0.0" classname="test.testng.SumLongTest">
    <failure type="java.lang.NullPointerException">
      <![CDATA[java.lang.NullPointerException
	at test.testng.SumLongTest.oneValuePlusAnother(SumLongTest.java:21)
... Removed 25 stack frames]]>
    </failure>
  </testcase> <!-- oneValuePlusAnother -->
  <testcase name="oneValuePlusAnother" time="0.0" classname="test.testng.SumLongTest">
    <failure type="java.lang.NullPointerException">
      <![CDATA[java.lang.NullPointerException
	at test.testng.SumLongTest.oneValuePlusAnother(SumLongTest.java:21)
... Removed 25 stack frames]]>
    </failure>
  </testcase> <!-- oneValuePlusAnother -->
</testsuite> <!-- Regression1 -->
